<?xml version="1.0" encoding="UTF-8"?>
<!-- Generated by org.testng.reporters.JUnitXMLReporter -->
<testsuite hostname="Manju-Kothuri" ignored="0" name="Default test" tests="3" failures="0" timestamp="2020-03-30T10:24:41 IST" time="45.943" errors="0">
  <testcase name="loginToWordpress" time="15.072" classname="cts.miniproject.test.DdExcelWordpressLogin"/>
  <testcase name="loginToWordpress" time="13.836" classname="cts.miniproject.test.DdExcelWordpressLogin"/>
  <testcase name="loginToWordpress" time="14.169" classname="cts.miniproject.test.DdExcelWordpressLogin"/>
</testsuite> <!-- Default test -->
