<?xml version="1.0" encoding="UTF-8"?>
<!-- Generated by org.testng.reporters.JUnitXMLReporter -->
<testsuite hostname="Manju-Kothuri" ignored="0" name="Test" tests="3" failures="0" timestamp="2020-03-30T10:25:40 IST" time="46.603" errors="0">
  <testcase name="loginToWordpress" time="14.928" classname="cts.miniproject.test.DdExcelWordpressLogin"/>
  <testcase name="loginToWordpress" time="13.985" classname="cts.miniproject.test.DdExcelWordpressLogin"/>
  <testcase name="loginToWordpress" time="13.917" classname="cts.miniproject.test.DdExcelWordpressLogin"/>
</testsuite> <!-- Test -->
